<?xml version="1.0" encoding="UTF-8"?>
<!-- Generated by org.testng.reporters.JUnitReportReporter -->
<testsuite skipped="0" hostname="user-PC" name="com.qa.runner.TestRunner" tests="1" failures="0" timestamp="26 Oct 2020 12:12:08 GMT" time="33.814" errors="0">
  <testcase name="feature" time="33.814" classname="com.qa.runner.TestRunner"/>
</testsuite> <!-- com.qa.runner.TestRunner -->
